<?xml version="1.0" encoding="UTF-8"?>
<Site BuildName="Darwin-clang++"
	BuildStamp="20230918-1541-Experimental"
	Name="Marcoss-Laptop.local"
	Generator="ctest-3.25.2"
	CompilerName="/usr/bin/clang++"
	CompilerVersion="14.0.3.14030022"
	OSName="macOS"
	Hostname="Marcoss-Laptop.local"
	OSRelease="13.4"
	OSVersion="22F66"
	OSPlatform="arm64"
	Is64Bits="1"
	VendorString="IBM"
	VendorID="IBM"
	FamilyID="16777228"
	ModelID="2"
	ProcessorCacheSize="131072"
	NumberOfLogicalCPU="8"
	NumberOfPhysicalCPU="8"
	TotalVirtualMemory="1024"
	TotalPhysicalMemory="16384"
	LogicalProcessorsPerPhysical="8"
	ProcessorClockFrequency="0"
	>
	<Testing>
		<StartDateTime>Sep 18 13:26 CDT</StartDateTime>
		<StartTestTime>1695061609</StartTestTime>
		<TestList/>
		<EndDateTime>Sep 18 13:26 CDT</EndDateTime>
		<EndTestTime>1695061609</EndTestTime>
		<ElapsedMinutes>0</ElapsedMinutes>
	</Testing>
</Site>
